This is pdfTeX, Version 3.14159265-2.6-1.40.20 (TeX Live 2019) (preloaded format=pdflatex 2019.5.8)  15 AUG 2019 15:55
entering extended mode
 restricted \write18 enabled.
 %&-line parsing enabled.
**ndworkshop.tex
(./ndworkshop.tex
LaTeX2e <2018-12-01>
(/usr/local/texlive/2019/texmf-dist/tex/latex/beamer/beamer.cls
Document Class: beamer 2018/12/02 v3.55 A class for typesetting presentations
(/usr/local/texlive/2019/texmf-dist/tex/latex/beamer/beamerbasemodes.sty
(/usr/local/texlive/2019/texmf-dist/tex/latex/etoolbox/etoolbox.sty
Package: etoolbox 2018/08/19 v2.5f e-TeX tools for LaTeX (JAW)
\etb@tempcnta=\count80
)
\beamer@tempbox=\box27
\beamer@tempcount=\count81
\c@beamerpauses=\count82

(/usr/local/texlive/2019/texmf-dist/tex/latex/beamer/beamerbasedecode.sty
\beamer@slideinframe=\count83
\beamer@minimum=\count84
)
\beamer@commentbox=\box28
\beamer@modecount=\count85
)
(/usr/local/texlive/2019/texmf-dist/tex/generic/oberdiek/ifpdf.sty
Package: ifpdf 2018/09/07 v3.3 Provides the ifpdf switch
)
\headdp=\dimen102
\footheight=\dimen103
\sidebarheight=\dimen104
\beamer@tempdim=\dimen105
\beamer@finalheight=\dimen106
\beamer@animht=\dimen107
\beamer@animdp=\dimen108
\beamer@animwd=\dimen109
\beamer@leftmargin=\dimen110
\beamer@rightmargin=\dimen111
\beamer@leftsidebar=\dimen112
\beamer@rightsidebar=\dimen113
\beamer@boxsize=\dimen114
\beamer@vboxoffset=\dimen115
\beamer@descdefault=\dimen116
\beamer@descriptionwidth=\dimen117
\beamer@lastskip=\skip41
\beamer@areabox=\box29
\beamer@animcurrent=\box30
\beamer@animshowbox=\box31
\beamer@sectionbox=\box32
\beamer@logobox=\box33
\beamer@linebox=\box34
\beamer@sectioncount=\count86
\beamer@subsubsectionmax=\count87
\beamer@subsectionmax=\count88
\beamer@sectionmax=\count89
\beamer@totalheads=\count90
\beamer@headcounter=\count91
\beamer@partstartpage=\count92
\beamer@sectionstartpage=\count93
\beamer@subsectionstartpage=\count94
\beamer@animationtempa=\count95
\beamer@animationtempb=\count96
\beamer@xpos=\count97
\beamer@ypos=\count98
\beamer@ypos@offset=\count99
\beamer@showpartnumber=\count100
\beamer@currentsubsection=\count101
\beamer@coveringdepth=\count102
\beamer@sectionadjust=\count103
\beamer@tocsectionnumber=\count104

(/usr/local/texlive/2019/texmf-dist/tex/latex/beamer/beamerbaseoptions.sty
(/usr/local/texlive/2019/texmf-dist/tex/latex/graphics/keyval.sty
Package: keyval 2014/10/28 v1.15 key=value parser (DPC)
\KV@toks@=\toks14
))
\beamer@paperwidth=\skip42
\beamer@paperheight=\skip43

(/usr/local/texlive/2019/texmf-dist/tex/latex/geometry/geometry.sty
Package: geometry 2018/04/16 v5.8 Page Geometry

(/usr/local/texlive/2019/texmf-dist/tex/generic/oberdiek/ifvtex.sty
Package: ifvtex 2016/05/16 v1.6 Detect VTeX and its facilities (HO)
Package ifvtex Info: VTeX not detected.
)
(/usr/local/texlive/2019/texmf-dist/tex/generic/ifxetex/ifxetex.sty
Package: ifxetex 2010/09/12 v0.6 Provides ifxetex conditional
)
\Gm@cnth=\count105
\Gm@cntv=\count106
\c@Gm@tempcnt=\count107
\Gm@bindingoffset=\dimen118
\Gm@wd@mp=\dimen119
\Gm@odd@mp=\dimen120
\Gm@even@mp=\dimen121
\Gm@layoutwidth=\dimen122
\Gm@layoutheight=\dimen123
\Gm@layouthoffset=\dimen124
\Gm@layoutvoffset=\dimen125
\Gm@dimlist=\toks15
)
(/usr/local/texlive/2019/texmf-dist/tex/latex/base/size11.clo
File: size11.clo 2018/09/03 v1.4i Standard LaTeX file (size option)
)
(/usr/local/texlive/2019/texmf-dist/tex/latex/pgf/basiclayer/pgfcore.sty
(/usr/local/texlive/2019/texmf-dist/tex/latex/graphics/graphicx.sty
Package: graphicx 2017/06/01 v1.1a Enhanced LaTeX Graphics (DPC,SPQR)

(/usr/local/texlive/2019/texmf-dist/tex/latex/graphics/graphics.sty
Package: graphics 2017/06/25 v1.2c Standard LaTeX Graphics (DPC,SPQR)

(/usr/local/texlive/2019/texmf-dist/tex/latex/graphics/trig.sty
Package: trig 2016/01/03 v1.10 sin cos tan (DPC)
)
(/usr/local/texlive/2019/texmf-dist/tex/latex/graphics-cfg/graphics.cfg
File: graphics.cfg 2016/06/04 v1.11 sample graphics configuration
)
Package graphics Info: Driver file: pdftex.def on input line 99.

(/usr/local/texlive/2019/texmf-dist/tex/latex/graphics-def/pdftex.def
File: pdftex.def 2018/01/08 v1.0l Graphics/color driver for pdftex
))
\Gin@req@height=\dimen126
\Gin@req@width=\dimen127
)
(/usr/local/texlive/2019/texmf-dist/tex/latex/pgf/systemlayer/pgfsys.sty
(/usr/local/texlive/2019/texmf-dist/tex/latex/pgf/utilities/pgfrcs.sty
(/usr/local/texlive/2019/texmf-dist/tex/generic/pgf/utilities/pgfutil-common.te
x
\pgfutil@everybye=\toks16
\pgfutil@tempdima=\dimen128
\pgfutil@tempdimb=\dimen129

(/usr/local/texlive/2019/texmf-dist/tex/generic/pgf/utilities/pgfutil-common-li
sts.tex))
(/usr/local/texlive/2019/texmf-dist/tex/generic/pgf/utilities/pgfutil-latex.def
\pgfutil@abb=\box35
(/usr/local/texlive/2019/texmf-dist/tex/latex/ms/everyshi.sty
Package: everyshi 2001/05/15 v3.00 EveryShipout Package (MS)
))
(/usr/local/texlive/2019/texmf-dist/tex/generic/pgf/utilities/pgfrcs.code.tex
(/usr/local/texlive/2019/texmf-dist/tex/generic/pgf/pgf.revision.tex)
Package: pgfrcs 2019/04/04 v3.1.2 (3.1.2)
))
(/usr/local/texlive/2019/texmf-dist/tex/generic/pgf/systemlayer/pgfsys.code.tex
Package: pgfsys 2019/04/04 v3.1.2 (3.1.2)
(/usr/local/texlive/2019/texmf-dist/tex/generic/pgf/utilities/pgfkeys.code.tex
\pgfkeys@pathtoks=\toks17
\pgfkeys@temptoks=\toks18

(/usr/local/texlive/2019/texmf-dist/tex/generic/pgf/utilities/pgfkeysfiltered.c
ode.tex
\pgfkeys@tmptoks=\toks19
))
\pgf@x=\dimen130
\pgf@y=\dimen131
\pgf@xa=\dimen132
\pgf@ya=\dimen133
\pgf@xb=\dimen134
\pgf@yb=\dimen135
\pgf@xc=\dimen136
\pgf@yc=\dimen137
\w@pgf@writea=\write3
\r@pgf@reada=\read1
\c@pgf@counta=\count108
\c@pgf@countb=\count109
\c@pgf@countc=\count110
\c@pgf@countd=\count111
\t@pgf@toka=\toks20
\t@pgf@tokb=\toks21
\t@pgf@tokc=\toks22
\pgf@sys@id@count=\count112

(/usr/local/texlive/2019/texmf-dist/tex/generic/pgf/systemlayer/pgf.cfg
File: pgf.cfg 2019/04/04 v3.1.2 (3.1.2)
)
Driver file for pgf: pgfsys-pdftex.def

(/usr/local/texlive/2019/texmf-dist/tex/generic/pgf/systemlayer/pgfsys-pdftex.d
ef
File: pgfsys-pdftex.def 2019/04/04 v3.1.2 (3.1.2)

(/usr/local/texlive/2019/texmf-dist/tex/generic/pgf/systemlayer/pgfsys-common-p
df.def
File: pgfsys-common-pdf.def 2019/04/04 v3.1.2 (3.1.2)
)))
(/usr/local/texlive/2019/texmf-dist/tex/generic/pgf/systemlayer/pgfsyssoftpath.
code.tex
File: pgfsyssoftpath.code.tex 2019/04/04 v3.1.2 (3.1.2)
\pgfsyssoftpath@smallbuffer@items=\count113
\pgfsyssoftpath@bigbuffer@items=\count114
)
(/usr/local/texlive/2019/texmf-dist/tex/generic/pgf/systemlayer/pgfsysprotocol.
code.tex
File: pgfsysprotocol.code.tex 2019/04/04 v3.1.2 (3.1.2)
)) (/usr/local/texlive/2019/texmf-dist/tex/latex/xcolor/xcolor.sty
Package: xcolor 2016/05/11 v2.12 LaTeX color extensions (UK)

(/usr/local/texlive/2019/texmf-dist/tex/latex/graphics-cfg/color.cfg
File: color.cfg 2016/01/02 v1.6 sample color configuration
)
Package xcolor Info: Driver file: pdftex.def on input line 225.
Package xcolor Info: Model `cmy' substituted by `cmy0' on input line 1348.
Package xcolor Info: Model `hsb' substituted by `rgb' on input line 1352.
Package xcolor Info: Model `RGB' extended on input line 1364.
Package xcolor Info: Model `HTML' substituted by `rgb' on input line 1366.
Package xcolor Info: Model `Hsb' substituted by `hsb' on input line 1367.
Package xcolor Info: Model `tHsb' substituted by `hsb' on input line 1368.
Package xcolor Info: Model `HSB' substituted by `hsb' on input line 1369.
Package xcolor Info: Model `Gray' substituted by `gray' on input line 1370.
Package xcolor Info: Model `wave' substituted by `hsb' on input line 1371.
)
(/usr/local/texlive/2019/texmf-dist/tex/generic/pgf/basiclayer/pgfcore.code.tex
Package: pgfcore 2019/04/04 v3.1.2 (3.1.2)
(/usr/local/texlive/2019/texmf-dist/tex/generic/pgf/math/pgfmath.code.tex
(/usr/local/texlive/2019/texmf-dist/tex/generic/pgf/math/pgfmathcalc.code.tex
(/usr/local/texlive/2019/texmf-dist/tex/generic/pgf/math/pgfmathutil.code.tex)
(/usr/local/texlive/2019/texmf-dist/tex/generic/pgf/math/pgfmathparser.code.tex
\pgfmath@dimen=\dimen138
\pgfmath@count=\count115
\pgfmath@box=\box36
\pgfmath@toks=\toks23
\pgfmath@stack@operand=\toks24
\pgfmath@stack@operation=\toks25
)
(/usr/local/texlive/2019/texmf-dist/tex/generic/pgf/math/pgfmathfunctions.code.
tex
(/usr/local/texlive/2019/texmf-dist/tex/generic/pgf/math/pgfmathfunctions.basic
.code.tex)
(/usr/local/texlive/2019/texmf-dist/tex/generic/pgf/math/pgfmathfunctions.trigo
nometric.code.tex)
(/usr/local/texlive/2019/texmf-dist/tex/generic/pgf/math/pgfmathfunctions.rando
m.code.tex)
(/usr/local/texlive/2019/texmf-dist/tex/generic/pgf/math/pgfmathfunctions.compa
rison.code.tex)
(/usr/local/texlive/2019/texmf-dist/tex/generic/pgf/math/pgfmathfunctions.base.
code.tex)
(/usr/local/texlive/2019/texmf-dist/tex/generic/pgf/math/pgfmathfunctions.round
.code.tex)
(/usr/local/texlive/2019/texmf-dist/tex/generic/pgf/math/pgfmathfunctions.misc.
code.tex)
(/usr/local/texlive/2019/texmf-dist/tex/generic/pgf/math/pgfmathfunctions.integ
erarithmetics.code.tex)))
(/usr/local/texlive/2019/texmf-dist/tex/generic/pgf/math/pgfmathfloat.code.tex
\c@pgfmathroundto@lastzeros=\count116
))
(/usr/local/texlive/2019/texmf-dist/tex/generic/pgf/basiclayer/pgfcorepoints.co
de.tex
File: pgfcorepoints.code.tex 2019/04/04 v3.1.2 (3.1.2)
\pgf@picminx=\dimen139
\pgf@picmaxx=\dimen140
\pgf@picminy=\dimen141
\pgf@picmaxy=\dimen142
\pgf@pathminx=\dimen143
\pgf@pathmaxx=\dimen144
\pgf@pathminy=\dimen145
\pgf@pathmaxy=\dimen146
\pgf@xx=\dimen147
\pgf@xy=\dimen148
\pgf@yx=\dimen149
\pgf@yy=\dimen150
\pgf@zx=\dimen151
\pgf@zy=\dimen152
)
(/usr/local/texlive/2019/texmf-dist/tex/generic/pgf/basiclayer/pgfcorepathconst
ruct.code.tex
File: pgfcorepathconstruct.code.tex 2019/04/04 v3.1.2 (3.1.2)
\pgf@path@lastx=\dimen153
\pgf@path@lasty=\dimen154
)
(/usr/local/texlive/2019/texmf-dist/tex/generic/pgf/basiclayer/pgfcorepathusage
.code.tex
File: pgfcorepathusage.code.tex 2019/04/04 v3.1.2 (3.1.2)
\pgf@shorten@end@additional=\dimen155
\pgf@shorten@start@additional=\dimen156
)
(/usr/local/texlive/2019/texmf-dist/tex/generic/pgf/basiclayer/pgfcorescopes.co
de.tex
File: pgfcorescopes.code.tex 2019/04/04 v3.1.2 (3.1.2)
\pgfpic=\box37
\pgf@hbox=\box38
\pgf@layerbox@main=\box39
\pgf@picture@serial@count=\count117
)
(/usr/local/texlive/2019/texmf-dist/tex/generic/pgf/basiclayer/pgfcoregraphicst
ate.code.tex
File: pgfcoregraphicstate.code.tex 2019/04/04 v3.1.2 (3.1.2)
\pgflinewidth=\dimen157
)
(/usr/local/texlive/2019/texmf-dist/tex/generic/pgf/basiclayer/pgfcoretransform
ations.code.tex
File: pgfcoretransformations.code.tex 2019/04/04 v3.1.2 (3.1.2)
\pgf@pt@x=\dimen158
\pgf@pt@y=\dimen159
\pgf@pt@temp=\dimen160
)
(/usr/local/texlive/2019/texmf-dist/tex/generic/pgf/basiclayer/pgfcorequick.cod
e.tex
File: pgfcorequick.code.tex 2019/04/04 v3.1.2 (3.1.2)
)
(/usr/local/texlive/2019/texmf-dist/tex/generic/pgf/basiclayer/pgfcoreobjects.c
ode.tex
File: pgfcoreobjects.code.tex 2019/04/04 v3.1.2 (3.1.2)
)
(/usr/local/texlive/2019/texmf-dist/tex/generic/pgf/basiclayer/pgfcorepathproce
ssing.code.tex
File: pgfcorepathprocessing.code.tex 2019/04/04 v3.1.2 (3.1.2)
)
(/usr/local/texlive/2019/texmf-dist/tex/generic/pgf/basiclayer/pgfcorearrows.co
de.tex
File: pgfcorearrows.code.tex 2019/04/04 v3.1.2 (3.1.2)
\pgfarrowsep=\dimen161
)
(/usr/local/texlive/2019/texmf-dist/tex/generic/pgf/basiclayer/pgfcoreshade.cod
e.tex
File: pgfcoreshade.code.tex 2019/04/04 v3.1.2 (3.1.2)
\pgf@max=\dimen162
\pgf@sys@shading@range@num=\count118
\pgf@shadingcount=\count119
)
(/usr/local/texlive/2019/texmf-dist/tex/generic/pgf/basiclayer/pgfcoreimage.cod
e.tex
File: pgfcoreimage.code.tex 2019/04/04 v3.1.2 (3.1.2)

(/usr/local/texlive/2019/texmf-dist/tex/generic/pgf/basiclayer/pgfcoreexternal.
code.tex
File: pgfcoreexternal.code.tex 2019/04/04 v3.1.2 (3.1.2)
\pgfexternal@startupbox=\box40
))
(/usr/local/texlive/2019/texmf-dist/tex/generic/pgf/basiclayer/pgfcorelayers.co
de.tex
File: pgfcorelayers.code.tex 2019/04/04 v3.1.2 (3.1.2)
)
(/usr/local/texlive/2019/texmf-dist/tex/generic/pgf/basiclayer/pgfcoretranspare
ncy.code.tex
File: pgfcoretransparency.code.tex 2019/04/04 v3.1.2 (3.1.2)
)
(/usr/local/texlive/2019/texmf-dist/tex/generic/pgf/basiclayer/pgfcorepatterns.
code.tex
File: pgfcorepatterns.code.tex 2019/04/04 v3.1.2 (3.1.2)
)
(/usr/local/texlive/2019/texmf-dist/tex/generic/pgf/basiclayer/pgfcorerdf.code.
tex
File: pgfcorerdf.code.tex 2019/04/04 v3.1.2 (3.1.2)
))) (/usr/local/texlive/2019/texmf-dist/tex/latex/pgf/utilities/xxcolor.sty
Package: xxcolor 2003/10/24 ver 0.1
\XC@nummixins=\count120
\XC@countmixins=\count121
) (/usr/local/texlive/2019/texmf-dist/tex/generic/oberdiek/atbegshi.sty
Package: atbegshi 2016/06/09 v1.18 At begin shipout hook (HO)

(/usr/local/texlive/2019/texmf-dist/tex/generic/oberdiek/infwarerr.sty
Package: infwarerr 2016/05/16 v1.4 Providing info/warning/error messages (HO)
)
(/usr/local/texlive/2019/texmf-dist/tex/generic/oberdiek/ltxcmds.sty
Package: ltxcmds 2016/05/16 v1.23 LaTeX kernel commands for general use (HO)
))
(/usr/local/texlive/2019/texmf-dist/tex/latex/hyperref/hyperref.sty
Package: hyperref 2018/11/30 v6.88e Hypertext links for LaTeX

(/usr/local/texlive/2019/texmf-dist/tex/generic/oberdiek/hobsub-hyperref.sty
Package: hobsub-hyperref 2016/05/16 v1.14 Bundle oberdiek, subset hyperref (HO)


(/usr/local/texlive/2019/texmf-dist/tex/generic/oberdiek/hobsub-generic.sty
Package: hobsub-generic 2016/05/16 v1.14 Bundle oberdiek, subset generic (HO)
Package: hobsub 2016/05/16 v1.14 Construct package bundles (HO)
Package hobsub Info: Skipping package `infwarerr' (already loaded).
Package hobsub Info: Skipping package `ltxcmds' (already loaded).
Package: ifluatex 2016/05/16 v1.4 Provides the ifluatex switch (HO)
Package ifluatex Info: LuaTeX not detected.
Package hobsub Info: Skipping package `ifvtex' (already loaded).
Package: intcalc 2016/05/16 v1.2 Expandable calculations with integers (HO)
Package hobsub Info: Skipping package `ifpdf' (already loaded).
Package: etexcmds 2016/05/16 v1.6 Avoid name clashes with e-TeX commands (HO)
Package: kvsetkeys 2016/05/16 v1.17 Key value parser (HO)
Package: kvdefinekeys 2016/05/16 v1.4 Define keys (HO)
Package: pdftexcmds 2018/09/10 v0.29 Utility functions of pdfTeX for LuaTeX (HO
)
Package pdftexcmds Info: LuaTeX not detected.
Package pdftexcmds Info: \pdf@primitive is available.
Package pdftexcmds Info: \pdf@ifprimitive is available.
Package pdftexcmds Info: \pdfdraftmode found.
Package: pdfescape 2016/05/16 v1.14 Implements pdfTeX's escape features (HO)
Package: bigintcalc 2016/05/16 v1.4 Expandable calculations on big integers (HO
)
Package: bitset 2016/05/16 v1.2 Handle bit-vector datatype (HO)
Package: uniquecounter 2016/05/16 v1.3 Provide unlimited unique counter (HO)
)
Package hobsub Info: Skipping package `hobsub' (already loaded).
Package: letltxmacro 2016/05/16 v1.5 Let assignment for LaTeX macros (HO)
Package: hopatch 2016/05/16 v1.3 Wrapper for package hooks (HO)
Package: xcolor-patch 2016/05/16 xcolor patch
Package: atveryend 2016/05/16 v1.9 Hooks at the very end of document (HO)
Package hobsub Info: Skipping package `atbegshi' (already loaded).
Package: refcount 2016/05/16 v3.5 Data extraction from label references (HO)
Package: hycolor 2016/05/16 v1.8 Color options for hyperref/bookmark (HO)
)
(/usr/local/texlive/2019/texmf-dist/tex/latex/oberdiek/auxhook.sty
Package: auxhook 2016/05/16 v1.4 Hooks for auxiliary files (HO)
)
(/usr/local/texlive/2019/texmf-dist/tex/latex/oberdiek/kvoptions.sty
Package: kvoptions 2016/05/16 v3.12 Key value format for package options (HO)
)
\@linkdim=\dimen163
\Hy@linkcounter=\count122
\Hy@pagecounter=\count123

(/usr/local/texlive/2019/texmf-dist/tex/latex/hyperref/pd1enc.def
File: pd1enc.def 2018/11/30 v6.88e Hyperref: PDFDocEncoding definition (HO)
Now handling font encoding PD1 ...
... no UTF-8 mapping file for font encoding PD1
)
\Hy@SavedSpaceFactor=\count124

(/usr/local/texlive/2019/texmf-dist/tex/latex/latexconfig/hyperref.cfg
File: hyperref.cfg 2002/06/06 v1.2 hyperref configuration of TeXLive
)
Package hyperref Info: Option `bookmarks' set `true' on input line 4393.
Package hyperref Info: Option `bookmarksopen' set `true' on input line 4393.
Package hyperref Info: Option `implicit' set `false' on input line 4393.
Package hyperref Info: Hyper figures OFF on input line 4519.
Package hyperref Info: Link nesting OFF on input line 4524.
Package hyperref Info: Hyper index ON on input line 4527.
Package hyperref Info: Plain pages OFF on input line 4534.
Package hyperref Info: Backreferencing OFF on input line 4539.
Package hyperref Info: Implicit mode OFF; no redefinition of LaTeX internals.
Package hyperref Info: Bookmarks ON on input line 4772.
\c@Hy@tempcnt=\count125

(/usr/local/texlive/2019/texmf-dist/tex/latex/url/url.sty
\Urlmuskip=\muskip10
Package: url 2013/09/16  ver 3.4  Verb mode for urls, etc.
)
LaTeX Info: Redefining \url on input line 5125.
\XeTeXLinkMargin=\dimen164
\Fld@menulength=\count126
\Field@Width=\dimen165
\Fld@charsize=\dimen166
Package hyperref Info: Hyper figures OFF on input line 6380.
Package hyperref Info: Link nesting OFF on input line 6385.
Package hyperref Info: Hyper index ON on input line 6388.
Package hyperref Info: backreferencing OFF on input line 6395.
Package hyperref Info: Link coloring OFF on input line 6400.
Package hyperref Info: Link coloring with OCG OFF on input line 6405.
Package hyperref Info: PDF/A mode OFF on input line 6410.
LaTeX Info: Redefining \ref on input line 6450.
LaTeX Info: Redefining \pageref on input line 6454.
\Hy@abspage=\count127


Package hyperref Message: Stopped early.

)
Package hyperref Info: Driver (autodetected): hpdftex.
 (/usr/local/texlive/2019/texmf-dist/tex/latex/hyperref/hpdftex.def
File: hpdftex.def 2018/11/30 v6.88e Hyperref driver for pdfTeX
\Fld@listcount=\count128
\c@bookmark@seq@number=\count129

(/usr/local/texlive/2019/texmf-dist/tex/latex/oberdiek/rerunfilecheck.sty
Package: rerunfilecheck 2016/05/16 v1.8 Rerun checks for auxiliary files (HO)
Package uniquecounter Info: New unique counter `rerunfilecheck' on input line 2
82.
))
(/usr/local/texlive/2019/texmf-dist/tex/latex/beamer/beamerbaserequires.sty
(/usr/local/texlive/2019/texmf-dist/tex/latex/beamer/beamerbasecompatibility.st
y) (/usr/local/texlive/2019/texmf-dist/tex/latex/beamer/beamerbasefont.sty
(/usr/local/texlive/2019/texmf-dist/tex/latex/amsfonts/amssymb.sty
Package: amssymb 2013/01/14 v3.01 AMS font symbols

(/usr/local/texlive/2019/texmf-dist/tex/latex/amsfonts/amsfonts.sty
Package: amsfonts 2013/01/14 v3.01 Basic AMSFonts support
\@emptytoks=\toks26
\symAMSa=\mathgroup4
\symAMSb=\mathgroup5
LaTeX Font Info:    Overwriting math alphabet `\mathfrak' in version `bold'
(Font)                  U/euf/m/n --> U/euf/b/n on input line 106.
))
(/usr/local/texlive/2019/texmf-dist/tex/latex/sansmathaccent/sansmathaccent.sty
Package: sansmathaccent 2013/03/28
(/usr/local/texlive/2019/texmf-dist/tex/latex/filehook/filehook.sty
Package: filehook 2011/10/12 v0.5d Hooks for input files
)))
(/usr/local/texlive/2019/texmf-dist/tex/latex/beamer/beamerbasetranslator.sty
(/usr/local/texlive/2019/texmf-dist/tex/latex/translator/translator.sty
Package: translator 2018/01/04 v1.12 Easy translation of strings in LaTeX
))
(/usr/local/texlive/2019/texmf-dist/tex/latex/beamer/beamerbasemisc.sty)
(/usr/local/texlive/2019/texmf-dist/tex/latex/beamer/beamerbasetwoscreens.sty)
(/usr/local/texlive/2019/texmf-dist/tex/latex/beamer/beamerbaseoverlay.sty
\beamer@argscount=\count130
\beamer@lastskipcover=\skip44
\beamer@trivlistdepth=\count131
)
(/usr/local/texlive/2019/texmf-dist/tex/latex/beamer/beamerbasetitle.sty)
(/usr/local/texlive/2019/texmf-dist/tex/latex/beamer/beamerbasesection.sty
\c@lecture=\count132
\c@part=\count133
\c@section=\count134
\c@subsection=\count135
\c@subsubsection=\count136
)
(/usr/local/texlive/2019/texmf-dist/tex/latex/beamer/beamerbaseframe.sty
\beamer@framebox=\box41
\beamer@frametitlebox=\box42
\beamer@zoombox=\box43
\beamer@zoomcount=\count137
\beamer@zoomframecount=\count138
\beamer@frametextheight=\dimen167
\c@subsectionslide=\count139
\beamer@frametopskip=\skip45
\beamer@framebottomskip=\skip46
\beamer@frametopskipautobreak=\skip47
\beamer@framebottomskipautobreak=\skip48
\beamer@envbody=\toks27
\framewidth=\dimen168
\c@framenumber=\count140
)
(/usr/local/texlive/2019/texmf-dist/tex/latex/beamer/beamerbaseverbatim.sty
\beamer@verbatimfileout=\write4
)
(/usr/local/texlive/2019/texmf-dist/tex/latex/beamer/beamerbaseframesize.sty
\beamer@splitbox=\box44
\beamer@autobreakcount=\count141
\beamer@autobreaklastheight=\dimen169
\beamer@frametitletoks=\toks28
\beamer@framesubtitletoks=\toks29
)
(/usr/local/texlive/2019/texmf-dist/tex/latex/beamer/beamerbaseframecomponents.
sty
\beamer@footins=\box45
) (/usr/local/texlive/2019/texmf-dist/tex/latex/beamer/beamerbasecolor.sty)
(/usr/local/texlive/2019/texmf-dist/tex/latex/beamer/beamerbasenotes.sty
\beamer@frameboxcopy=\box46
)
(/usr/local/texlive/2019/texmf-dist/tex/latex/beamer/beamerbasetoc.sty)
(/usr/local/texlive/2019/texmf-dist/tex/latex/beamer/beamerbasetemplates.sty
\beamer@sbttoks=\toks30

(/usr/local/texlive/2019/texmf-dist/tex/latex/beamer/beamerbaseauxtemplates.sty
(/usr/local/texlive/2019/texmf-dist/tex/latex/beamer/beamerbaseboxes.sty
\bmb@box=\box47
\bmb@colorbox=\box48
\bmb@boxshadow=\box49
\bmb@boxshadowball=\box50
\bmb@boxshadowballlarge=\box51
\bmb@temp=\dimen170
\bmb@dima=\dimen171
\bmb@dimb=\dimen172
\bmb@prevheight=\dimen173
)
\beamer@blockheadheight=\dimen174
))
(/usr/local/texlive/2019/texmf-dist/tex/latex/beamer/beamerbaselocalstructure.s
ty (/usr/local/texlive/2019/texmf-dist/tex/latex/tools/enumerate.sty
Package: enumerate 2015/07/23 v3.00 enumerate extensions (DPC)
\@enLab=\toks31
)
\c@figure=\count142
\c@table=\count143
\abovecaptionskip=\skip49
\belowcaptionskip=\skip50
)
(/usr/local/texlive/2019/texmf-dist/tex/latex/beamer/beamerbasenavigation.sty
\beamer@section@min@dim=\dimen175
)
(/usr/local/texlive/2019/texmf-dist/tex/latex/beamer/beamerbasetheorems.sty
(/usr/local/texlive/2019/texmf-dist/tex/latex/amsmath/amsmath.sty
Package: amsmath 2018/12/01 v2.17b AMS math features
\@mathmargin=\skip51

For additional information on amsmath, use the `?' option.
(/usr/local/texlive/2019/texmf-dist/tex/latex/amsmath/amstext.sty
Package: amstext 2000/06/29 v2.01 AMS text

(/usr/local/texlive/2019/texmf-dist/tex/latex/amsmath/amsgen.sty
File: amsgen.sty 1999/11/30 v2.0 generic functions
\@emptytoks=\toks32
\ex@=\dimen176
))
(/usr/local/texlive/2019/texmf-dist/tex/latex/amsmath/amsbsy.sty
Package: amsbsy 1999/11/29 v1.2d Bold Symbols
\pmbraise@=\dimen177
)
(/usr/local/texlive/2019/texmf-dist/tex/latex/amsmath/amsopn.sty
Package: amsopn 2016/03/08 v2.02 operator names
)
\inf@bad=\count144
LaTeX Info: Redefining \frac on input line 223.
\uproot@=\count145
\leftroot@=\count146
LaTeX Info: Redefining \overline on input line 385.
\classnum@=\count147
\DOTSCASE@=\count148
LaTeX Info: Redefining \ldots on input line 482.
LaTeX Info: Redefining \dots on input line 485.
LaTeX Info: Redefining \cdots on input line 606.
\Mathstrutbox@=\box52
\strutbox@=\box53
\big@size=\dimen178
LaTeX Font Info:    Redeclaring font encoding OML on input line 729.
LaTeX Font Info:    Redeclaring font encoding OMS on input line 730.
\macc@depth=\count149
\c@MaxMatrixCols=\count150
\dotsspace@=\muskip11
\c@parentequation=\count151
\dspbrk@lvl=\count152
\tag@help=\toks33
\row@=\count153
\column@=\count154
\maxfields@=\count155
\andhelp@=\toks34
\eqnshift@=\dimen179
\alignsep@=\dimen180
\tagshift@=\dimen181
\tagwidth@=\dimen182
\totwidth@=\dimen183
\lineht@=\dimen184
\@envbody=\toks35
\multlinegap=\skip52
\multlinetaggap=\skip53
\mathdisplay@stack=\toks36
LaTeX Info: Redefining \[ on input line 2844.
LaTeX Info: Redefining \] on input line 2845.
)
(/usr/local/texlive/2019/texmf-dist/tex/latex/amscls/amsthm.sty
Package: amsthm 2017/10/31 v2.20.4
\thm@style=\toks37
\thm@bodyfont=\toks38
\thm@headfont=\toks39
\thm@notefont=\toks40
\thm@headpunct=\toks41
\thm@preskip=\skip54
\thm@postskip=\skip55
\thm@headsep=\skip56
\dth@everypar=\toks42
)
\c@theorem=\count156
)
(/usr/local/texlive/2019/texmf-dist/tex/latex/beamer/beamerbasethemes.sty))
(/usr/local/texlive/2019/texmf-dist/tex/latex/beamer/beamerthemedefault.sty
(/usr/local/texlive/2019/texmf-dist/tex/latex/beamer/beamerfontthemedefault.sty
)
(/usr/local/texlive/2019/texmf-dist/tex/latex/beamer/beamercolorthemedefault.st
y)
(/usr/local/texlive/2019/texmf-dist/tex/latex/beamer/beamerinnerthemedefault.st
y
\beamer@dima=\dimen185
\beamer@dimb=\dimen186
)
(/usr/local/texlive/2019/texmf-dist/tex/latex/beamer/beamerouterthemedefault.st
y))) (/usr/local/texlive/2019/texmf-dist/tex/latex/pgf/frontendlayer/tikz.sty
(/usr/local/texlive/2019/texmf-dist/tex/latex/pgf/basiclayer/pgf.sty
Package: pgf 2019/04/04 v3.1.2 (3.1.2)

(/usr/local/texlive/2019/texmf-dist/tex/generic/pgf/modules/pgfmoduleshapes.cod
e.tex
File: pgfmoduleshapes.code.tex 2019/04/04 v3.1.2 (3.1.2)
\pgfnodeparttextbox=\box54
)
(/usr/local/texlive/2019/texmf-dist/tex/generic/pgf/modules/pgfmoduleplot.code.
tex
File: pgfmoduleplot.code.tex 2019/04/04 v3.1.2 (3.1.2)
)
(/usr/local/texlive/2019/texmf-dist/tex/latex/pgf/compatibility/pgfcomp-version
-0-65.sty
Package: pgfcomp-version-0-65 2019/04/04 v3.1.2 (3.1.2)
\pgf@nodesepstart=\dimen187
\pgf@nodesepend=\dimen188
)
(/usr/local/texlive/2019/texmf-dist/tex/latex/pgf/compatibility/pgfcomp-version
-1-18.sty
Package: pgfcomp-version-1-18 2019/04/04 v3.1.2 (3.1.2)
))
(/usr/local/texlive/2019/texmf-dist/tex/latex/pgf/utilities/pgffor.sty
(/usr/local/texlive/2019/texmf-dist/tex/latex/pgf/utilities/pgfkeys.sty
(/usr/local/texlive/2019/texmf-dist/tex/generic/pgf/utilities/pgfkeys.code.tex)
) (/usr/local/texlive/2019/texmf-dist/tex/latex/pgf/math/pgfmath.sty
(/usr/local/texlive/2019/texmf-dist/tex/generic/pgf/math/pgfmath.code.tex))
(/usr/local/texlive/2019/texmf-dist/tex/generic/pgf/utilities/pgffor.code.tex
Package: pgffor 2019/04/04 v3.1.2 (3.1.2)

(/usr/local/texlive/2019/texmf-dist/tex/generic/pgf/math/pgfmath.code.tex)
\pgffor@iter=\dimen189
\pgffor@skip=\dimen190
\pgffor@stack=\toks43
\pgffor@toks=\toks44
))
(/usr/local/texlive/2019/texmf-dist/tex/generic/pgf/frontendlayer/tikz/tikz.cod
e.tex
Package: tikz 2019/04/04 v3.1.2 (3.1.2)

(/usr/local/texlive/2019/texmf-dist/tex/generic/pgf/libraries/pgflibraryplothan
dlers.code.tex
File: pgflibraryplothandlers.code.tex 2019/04/04 v3.1.2 (3.1.2)
\pgf@plot@mark@count=\count157
\pgfplotmarksize=\dimen191
)
\tikz@lastx=\dimen192
\tikz@lasty=\dimen193
\tikz@lastxsaved=\dimen194
\tikz@lastysaved=\dimen195
\tikzleveldistance=\dimen196
\tikzsiblingdistance=\dimen197
\tikz@figbox=\box55
\tikz@figbox@bg=\box56
\tikz@tempbox=\box57
\tikz@tempbox@bg=\box58
\tikztreelevel=\count158
\tikznumberofchildren=\count159
\tikznumberofcurrentchild=\count160
\tikz@fig@count=\count161

(/usr/local/texlive/2019/texmf-dist/tex/generic/pgf/modules/pgfmodulematrix.cod
e.tex
File: pgfmodulematrix.code.tex 2019/04/04 v3.1.2 (3.1.2)
\pgfmatrixcurrentrow=\count162
\pgfmatrixcurrentcolumn=\count163
\pgf@matrix@numberofcolumns=\count164
)
\tikz@expandcount=\count165

(/usr/local/texlive/2019/texmf-dist/tex/generic/pgf/frontendlayer/tikz/librarie
s/tikzlibrarytopaths.code.tex
File: tikzlibrarytopaths.code.tex 2019/04/04 v3.1.2 (3.1.2)
)))
(/usr/local/texlive/2019/texmf-dist/tex/generic/pgf/frontendlayer/tikz/librarie
s/tikzlibraryarrows.code.tex
File: tikzlibraryarrows.code.tex 2019/04/04 v3.1.2 (3.1.2)

(/usr/local/texlive/2019/texmf-dist/tex/generic/pgf/libraries/pgflibraryarrows.
code.tex
File: pgflibraryarrows.code.tex 2019/04/04 v3.1.2 (3.1.2)
\arrowsize=\dimen198
)) (./ndworkshop.aux)
\openout1 = `ndworkshop.aux'.

LaTeX Font Info:    Checking defaults for OML/cmm/m/it on input line 35.
LaTeX Font Info:    ... okay on input line 35.
LaTeX Font Info:    Checking defaults for T1/cmr/m/n on input line 35.
LaTeX Font Info:    ... okay on input line 35.
LaTeX Font Info:    Checking defaults for OT1/cmr/m/n on input line 35.
LaTeX Font Info:    ... okay on input line 35.
LaTeX Font Info:    Checking defaults for OMS/cmsy/m/n on input line 35.
LaTeX Font Info:    ... okay on input line 35.
LaTeX Font Info:    Checking defaults for OMX/cmex/m/n on input line 35.
LaTeX Font Info:    ... okay on input line 35.
LaTeX Font Info:    Checking defaults for U/cmr/m/n on input line 35.
LaTeX Font Info:    ... okay on input line 35.
LaTeX Font Info:    Checking defaults for PD1/pdf/m/n on input line 35.
LaTeX Font Info:    ... okay on input line 35.

*geometry* driver: auto-detecting
*geometry* detected driver: pdftex
*geometry* verbose mode - [ preamble ] result:
* driver: pdftex
* paper: custom
* layout: <same size as paper>
* layoutoffset:(h,v)=(0.0pt,0.0pt)
* modes: includehead includefoot 
* h-part:(L,W,R)=(28.45274pt, 307.28987pt, 28.45274pt)
* v-part:(T,H,B)=(0.0pt, 273.14662pt, 0.0pt)
* \paperwidth=364.19536pt
* \paperheight=273.14662pt
* \textwidth=307.28987pt
* \textheight=244.6939pt
* \oddsidemargin=-43.81725pt
* \evensidemargin=-43.81725pt
* \topmargin=-72.26999pt
* \headheight=14.22636pt
* \headsep=0.0pt
* \topskip=11.0pt
* \footskip=14.22636pt
* \marginparwidth=4.0pt
* \marginparsep=10.0pt
* \columnsep=10.0pt
* \skip\footins=10.0pt plus 4.0pt minus 2.0pt
* \hoffset=0.0pt
* \voffset=0.0pt
* \mag=1000
* \@twocolumnfalse
* \@twosidefalse
* \@mparswitchfalse
* \@reversemarginfalse
* (1in=72.27pt=25.4mm, 1cm=28.453pt)

(/usr/local/texlive/2019/texmf-dist/tex/context/base/mkii/supp-pdf.mkii
[Loading MPS to PDF converter (version 2006.09.02).]
\scratchcounter=\count166
\scratchdimen=\dimen199
\scratchbox=\box59
\nofMPsegments=\count167
\nofMParguments=\count168
\everyMPshowfont=\toks45
\MPscratchCnt=\count169
\MPscratchDim=\dimen256
\MPnumerator=\count170
\makeMPintoPDFobject=\count171
\everyMPtoPDFconversion=\toks46
) (/usr/local/texlive/2019/texmf-dist/tex/latex/oberdiek/epstopdf-base.sty
Package: epstopdf-base 2016/05/15 v2.6 Base part for package epstopdf

(/usr/local/texlive/2019/texmf-dist/tex/latex/oberdiek/grfext.sty
Package: grfext 2016/05/16 v1.2 Manage graphics extensions (HO)
)
Package epstopdf-base Info: Redefining graphics rule for `.eps' on input line 4
38.
Package grfext Info: Graphics extension search list:
(grfext)             [.pdf,.png,.jpg,.mps,.jpeg,.jbig2,.jb2,.PDF,.PNG,.JPG,.JPE
G,.JBIG2,.JB2,.eps]
(grfext)             \AppendGraphicsExtensions on input line 456.

(/usr/local/texlive/2019/texmf-dist/tex/latex/latexconfig/epstopdf-sys.cfg
File: epstopdf-sys.cfg 2010/07/13 v1.3 Configuration of (r)epstopdf for TeX Liv
e
))
ABD: EveryShipout initializing macros
\AtBeginShipoutBox=\box60
Package hyperref Info: Link coloring OFF on input line 35.

(/usr/local/texlive/2019/texmf-dist/tex/latex/hyperref/nameref.sty
Package: nameref 2016/05/21 v2.44 Cross-referencing by name of section

(/usr/local/texlive/2019/texmf-dist/tex/generic/oberdiek/gettitlestring.sty
Package: gettitlestring 2016/05/16 v1.5 Cleanup title references (HO)
)
\c@section@level=\count172
)
LaTeX Info: Redefining \ref on input line 35.
LaTeX Info: Redefining \pageref on input line 35.
LaTeX Info: Redefining \nameref on input line 35.

(./ndworkshop.out) (./ndworkshop.out)
\@outlinefile=\write5
\openout5 = `ndworkshop.out'.

LaTeX Font Info:    Overwriting symbol font `operators' in version `normal'
(Font)                  OT1/cmr/m/n --> OT1/cmss/m/n on input line 35.
LaTeX Font Info:    Overwriting symbol font `operators' in version `bold'
(Font)                  OT1/cmr/bx/n --> OT1/cmss/bx/n on input line 35.
\symnumbers=\mathgroup6
\sympureletters=\mathgroup7
LaTeX Font Info:    Overwriting math alphabet `\mathrm' in version `normal'
(Font)                  OT1/cmss/m/n --> OT1/cmr/m/n on input line 35.
LaTeX Font Info:    Redeclaring math alphabet \mathbf on input line 35.
LaTeX Font Info:    Overwriting math alphabet `\mathbf' in version `normal'
(Font)                  OT1/cmr/bx/n --> OT1/cmss/bx/n on input line 35.
LaTeX Font Info:    Overwriting math alphabet `\mathbf' in version `bold'
(Font)                  OT1/cmr/bx/n --> OT1/cmss/bx/n on input line 35.
LaTeX Font Info:    Redeclaring math alphabet \mathsf on input line 35.
LaTeX Font Info:    Overwriting math alphabet `\mathsf' in version `normal'
(Font)                  OT1/cmss/m/n --> OT1/cmss/m/n on input line 35.
LaTeX Font Info:    Overwriting math alphabet `\mathsf' in version `bold'
(Font)                  OT1/cmss/bx/n --> OT1/cmss/m/n on input line 35.
LaTeX Font Info:    Redeclaring math alphabet \mathit on input line 35.
LaTeX Font Info:    Overwriting math alphabet `\mathit' in version `normal'
(Font)                  OT1/cmr/m/it --> OT1/cmss/m/it on input line 35.
LaTeX Font Info:    Overwriting math alphabet `\mathit' in version `bold'
(Font)                  OT1/cmr/bx/it --> OT1/cmss/m/it on input line 35.
LaTeX Font Info:    Redeclaring math alphabet \mathtt on input line 35.
LaTeX Font Info:    Overwriting math alphabet `\mathtt' in version `normal'
(Font)                  OT1/cmtt/m/n --> OT1/cmtt/m/n on input line 35.
LaTeX Font Info:    Overwriting math alphabet `\mathtt' in version `bold'
(Font)                  OT1/cmtt/m/n --> OT1/cmtt/m/n on input line 35.
LaTeX Font Info:    Overwriting symbol font `numbers' in version `bold'
(Font)                  OT1/cmss/m/n --> OT1/cmss/bx/n on input line 35.
LaTeX Font Info:    Overwriting symbol font `pureletters' in version `bold'
(Font)                  OT1/cmss/m/it --> OT1/cmss/bx/it on input line 35.
LaTeX Font Info:    Overwriting math alphabet `\mathrm' in version `bold'
(Font)                  OT1/cmss/bx/n --> OT1/cmr/bx/n on input line 35.
LaTeX Font Info:    Overwriting math alphabet `\mathbf' in version `bold'
(Font)                  OT1/cmss/bx/n --> OT1/cmss/bx/n on input line 35.
LaTeX Font Info:    Overwriting math alphabet `\mathsf' in version `bold'
(Font)                  OT1/cmss/m/n --> OT1/cmss/bx/n on input line 35.
LaTeX Font Info:    Overwriting math alphabet `\mathit' in version `bold'
(Font)                  OT1/cmss/m/it --> OT1/cmss/bx/it on input line 35.
LaTeX Font Info:    Overwriting math alphabet `\mathtt' in version `bold'
(Font)                  OT1/cmtt/m/n --> OT1/cmtt/bx/n on input line 35.
LaTeX Font Info:    Redeclaring symbol font `pureletters' on input line 35.
LaTeX Font Info:    Overwriting symbol font `pureletters' in version `normal'
(Font)                  OT1/cmss/m/it --> OT1/mathkerncmss/m/sl on input line 3
5.
LaTeX Font Info:    Overwriting symbol font `pureletters' in version `bold'
(Font)                  OT1/cmss/bx/it --> OT1/mathkerncmss/m/sl on input line 
35.
LaTeX Font Info:    Overwriting symbol font `pureletters' in version `bold'
(Font)                  OT1/mathkerncmss/m/sl --> OT1/mathkerncmss/bx/sl on inp
ut line 35.

(/usr/local/texlive/2019/texmf-dist/tex/latex/translator/translator-basic-dicti
onary-English.dict
Dictionary: translator-basic-dictionary, Language: English 
)
(/usr/local/texlive/2019/texmf-dist/tex/latex/translator/translator-bibliograph
y-dictionary-English.dict
Dictionary: translator-bibliography-dictionary, Language: English 
)
(/usr/local/texlive/2019/texmf-dist/tex/latex/translator/translator-environment
-dictionary-English.dict
Dictionary: translator-environment-dictionary, Language: English 
)
(/usr/local/texlive/2019/texmf-dist/tex/latex/translator/translator-months-dict
ionary-English.dict
Dictionary: translator-months-dictionary, Language: English 
)
(/usr/local/texlive/2019/texmf-dist/tex/latex/translator/translator-numbers-dic
tionary-English.dict
Dictionary: translator-numbers-dictionary, Language: English 
)
(/usr/local/texlive/2019/texmf-dist/tex/latex/translator/translator-theorem-dic
tionary-English.dict
Dictionary: translator-theorem-dictionary, Language: English 
) (./ndworkshop.nav)
LaTeX Font Info:    Try loading font information for U+msa on input line 35.

(/usr/local/texlive/2019/texmf-dist/tex/latex/amsfonts/umsa.fd
File: umsa.fd 2013/01/14 v3.01 AMS symbols A
)
LaTeX Font Info:    Try loading font information for U+msb on input line 35.

(/usr/local/texlive/2019/texmf-dist/tex/latex/amsfonts/umsb.fd
File: umsb.fd 2013/01/14 v3.01 AMS symbols B
)
LaTeX Font Info:    Try loading font information for OT1+mathkerncmss on input 
line 35.

(/usr/local/texlive/2019/texmf-dist/tex/latex/sansmathaccent/ot1mathkerncmss.fd
File: ot1mathkerncmss.fd 2013/03/27 Fontinst v1.933 font definitions for OT1/ma
thkerncmss.
) [1

{/usr/local/texlive/2019/texmf-var/fonts/map/pdftex/updmap/pdftex.map}]
[2

]
Missing character: There is no ; in font nullfont!
Missing character: There is no ; in font nullfont!
<ex1_target_slice.png, id=29, 175.65625pt x 200.75pt>
File: ex1_target_slice.png Graphic file (type png)
<use ex1_target_slice.png>
Package pdftex.def Info: ex1_target_slice.png  used on input line 80.
(pdftex.def)             Requested size: 99.58464pt x 113.81297pt.
<ex1_allen_slice.png, id=30, 228.855pt x 264.99pt>
File: ex1_allen_slice.png Graphic file (type png)
<use ex1_allen_slice.png>
Package pdftex.def Info: ex1_allen_slice.png  used on input line 80.
(pdftex.def)             Requested size: 99.58464pt x 115.3061pt.
<ex1_warp.png, id=31, 441.8106pt x 331.4784pt>
File: ex1_warp.png Graphic file (type png)
<use ex1_warp.png>
Package pdftex.def Info: ex1_warp.png  used on input line 80.
(pdftex.def)             Requested size: 78.24507pt x 70.18405pt.
 [3

 <./ex1_warp.png (PNG copy)> <./ex1_target_slice.png (PNG copy)> <./ex1_allen_s
lice.png (PNG copy)>]
Missing character: There is no ; in font nullfont!
Missing character: There is no ; in font nullfont!
<reg_mni.png, id=39, 235.6002pt x 235.6002pt>
File: reg_mni.png Graphic file (type png)
<use reg_mni.png>
Package pdftex.def Info: reg_mni.png  used on input line 139.
(pdftex.def)             Requested size: 39.83368pt x 39.8322pt.
<reg_1a.png, id=40, 235.6002pt x 235.6002pt>
File: reg_1a.png Graphic file (type png)
<use reg_1a.png>
Package pdftex.def Info: reg_1a.png  used on input line 139.
(pdftex.def)             Requested size: 39.83368pt x 39.8322pt.
<reg_2a.png, id=41, 235.6002pt x 235.6002pt>
File: reg_2a.png Graphic file (type png)
<use reg_2a.png>
Package pdftex.def Info: reg_2a.png  used on input line 139.
(pdftex.def)             Requested size: 39.83368pt x 39.8322pt.
<reg_4a.png, id=42, 235.6002pt x 235.6002pt>
File: reg_4a.png Graphic file (type png)
<use reg_4a.png>
Package pdftex.def Info: reg_4a.png  used on input line 139.
(pdftex.def)             Requested size: 39.83368pt x 39.8322pt.
<reg_3a.png, id=43, 235.6002pt x 235.6002pt>
File: reg_3a.png Graphic file (type png)
<use reg_3a.png>
Package pdftex.def Info: reg_3a.png  used on input line 139.
(pdftex.def)             Requested size: 39.83368pt x 39.8322pt.
<reg_1b.png, id=44, 235.6002pt x 235.6002pt>
File: reg_1b.png Graphic file (type png)
<use reg_1b.png>
Package pdftex.def Info: reg_1b.png  used on input line 139.
(pdftex.def)             Requested size: 39.83368pt x 39.8322pt.
<reg_2b.png, id=45, 235.6002pt x 235.6002pt>
File: reg_2b.png Graphic file (type png)
<use reg_2b.png>
Package pdftex.def Info: reg_2b.png  used on input line 139.
(pdftex.def)             Requested size: 39.83368pt x 39.8322pt.
<reg_4b.png, id=46, 235.6002pt x 235.6002pt>
File: reg_4b.png Graphic file (type png)
<use reg_4b.png>
Package pdftex.def Info: reg_4b.png  used on input line 139.
(pdftex.def)             Requested size: 39.83368pt x 39.8322pt.
<reg_3b.png, id=47, 235.6002pt x 235.6002pt>
File: reg_3b.png Graphic file (type png)
<use reg_3b.png>
Package pdftex.def Info: reg_3b.png  used on input line 139.
(pdftex.def)             Requested size: 39.83368pt x 39.8322pt.
 [4

 <./reg_mni.png (PNG copy)> <./reg_1a.png (PNG copy)> <./reg_2a.png (PNG copy)>
 <./reg_4a.png (PNG copy)> <./reg_3a.png (PNG copy)> <./reg_1b.png (PNG copy)> 
<./reg_2b.png (PNG copy)> <./reg_4b.png (PNG copy)> <./reg_3b.png (PNG copy)>]
Missing character: There is no ; in font nullfont!
Missing character: There is no ; in font nullfont!
File: reg_mni.png Graphic file (type png)
<use reg_mni.png>
Package pdftex.def Info: reg_mni.png  used on input line 139.
(pdftex.def)             Requested size: 39.83368pt x 39.8322pt.
File: reg_1a.png Graphic file (type png)
<use reg_1a.png>
Package pdftex.def Info: reg_1a.png  used on input line 139.
(pdftex.def)             Requested size: 39.83368pt x 39.8322pt.
File: reg_2a.png Graphic file (type png)
<use reg_2a.png>
Package pdftex.def Info: reg_2a.png  used on input line 139.
(pdftex.def)             Requested size: 39.83368pt x 39.8322pt.
File: reg_4a.png Graphic file (type png)
<use reg_4a.png>
Package pdftex.def Info: reg_4a.png  used on input line 139.
(pdftex.def)             Requested size: 39.83368pt x 39.8322pt.
File: reg_3a.png Graphic file (type png)
<use reg_3a.png>
Package pdftex.def Info: reg_3a.png  used on input line 139.
(pdftex.def)             Requested size: 39.83368pt x 39.8322pt.
File: reg_1b.png Graphic file (type png)
<use reg_1b.png>
Package pdftex.def Info: reg_1b.png  used on input line 139.
(pdftex.def)             Requested size: 39.83368pt x 39.8322pt.
File: reg_2b.png Graphic file (type png)
<use reg_2b.png>
Package pdftex.def Info: reg_2b.png  used on input line 139.
(pdftex.def)             Requested size: 39.83368pt x 39.8322pt.
File: reg_4b.png Graphic file (type png)
<use reg_4b.png>
Package pdftex.def Info: reg_4b.png  used on input line 139.
(pdftex.def)             Requested size: 39.83368pt x 39.8322pt.
File: reg_3b.png Graphic file (type png)
<use reg_3b.png>
Package pdftex.def Info: reg_3b.png  used on input line 139.
(pdftex.def)             Requested size: 39.83368pt x 39.8322pt.
 [5

]
<mba2.png, id=61, 1811.76875pt x 1289.81876pt>
File: mba2.png Graphic file (type png)
<use mba2.png>
Package pdftex.def Info: mba2.png  used on input line 167.
(pdftex.def)             Requested size: 92.1879pt x 65.61653pt.
<mba1.png, id=62, 1809.76125pt x 1296.845pt>
File: mba1.png Graphic file (type png)
<use mba1.png>
Package pdftex.def Info: mba1.png  used on input line 167.
(pdftex.def)             Requested size: 92.1879pt x 66.05313pt.

Underfull \hbox (badness 10000) in paragraph at lines 167--167
[]\OT1/cmss/m/n/10.95 MBA
 []

<allen-connectivity.png, id=63, 1345.025pt x 1275.76625pt>
File: allen-connectivity.png Graphic file (type png)
<use allen-connectivity.png>
Package pdftex.def Info: allen-connectivity.png  used on input line 167.
(pdftex.def)             Requested size: 215.10196pt x 131.46315pt.

Overfull \hbox (4.86665pt too wide) in paragraph at lines 167--167
[]$[]$  $[]$  
 []

[6

 <./allen-connectivity.png> <./mba2.png> <./mba1.png>]
<v10kavli_daniel_thickness_sig.png, id=71, 315.0972pt x 331.4784pt>
File: v10kavli_daniel_thickness_sig.png Graphic file (type png)
<use v10kavli_daniel_thickness_sig.png>
Package pdftex.def Info: v10kavli_daniel_thickness_sig.png  used on input line 
185.
(pdftex.def)             Requested size: 138.2795pt x 145.46652pt.
<braak12.png, id=73, 235.206pt x 312.4035pt>
File: braak12.png Graphic file (type png)
<use braak12.png>
Package pdftex.def Info: braak12.png  used on input line 185.
(pdftex.def)             Requested size: 92.1879pt x 122.44226pt.
 [7

 <./v10kavli_daniel_thickness_sig.png> <./braak12.png>]
<v10kavli_daniel_thickness_sig-edit.png, id=82, 315.0972pt x 331.4784pt>
File: v10kavli_daniel_thickness_sig-edit.png Graphic file (type png)
<use v10kavli_daniel_thickness_sig-edit.png>
Package pdftex.def Info: v10kavli_daniel_thickness_sig-edit.png  used on input 
line 185.
(pdftex.def)             Requested size: 138.2795pt x 145.46652pt.
File: braak12.png Graphic file (type png)
<use braak12.png>
Package pdftex.def Info: braak12.png  used on input line 185.
(pdftex.def)             Requested size: 92.1879pt x 122.44226pt.
 [8

 <./v10kavli_daniel_thickness_sig-edit.png>]
<ex2_id.png, id=89, 235.6002pt x 235.6002pt>
File: ex2_id.png Graphic file (type png)
<use ex2_id.png>
Package pdftex.def Info: ex2_id.png  used on input line 233.
(pdftex.def)             Requested size: 46.0916pt x 46.09103pt.
<ex2_rigid.png, id=90, 235.6002pt x 235.6002pt>
File: ex2_rigid.png Graphic file (type png)
<use ex2_rigid.png>
Package pdftex.def Info: ex2_rigid.png  used on input line 233.
(pdftex.def)             Requested size: 46.0916pt x 46.09103pt.
<ex2_affine.png, id=91, 235.6002pt x 235.6002pt>
File: ex2_affine.png Graphic file (type png)
<use ex2_affine.png>
Package pdftex.def Info: ex2_affine.png  used on input line 233.
(pdftex.def)             Requested size: 46.0916pt x 46.09103pt.
<ex2_flow.png, id=92, 235.6002pt x 235.6002pt>
File: ex2_flow.png Graphic file (type png)
<use ex2_flow.png>
Package pdftex.def Info: ex2_flow.png  used on input line 233.
(pdftex.def)             Requested size: 46.0916pt x 46.09103pt.
<ex2_flow_n_1.png, id=93, 235.6002pt x 235.6002pt>
File: ex2_flow_n_1.png Graphic file (type png)
<use ex2_flow_n_1.png>
Package pdftex.def Info: ex2_flow_n_1.png  used on input line 233.
(pdftex.def)             Requested size: 46.0916pt x 46.09103pt.
<ex2_flow_n_2.png, id=94, 235.6002pt x 235.6002pt>
File: ex2_flow_n_2.png Graphic file (type png)
<use ex2_flow_n_2.png>
Package pdftex.def Info: ex2_flow_n_2.png  used on input line 233.
(pdftex.def)             Requested size: 46.0916pt x 46.09103pt.
<ex2_flow_n_3.png, id=95, 235.6002pt x 235.6002pt>
File: ex2_flow_n_3.png Graphic file (type png)
<use ex2_flow_n_3.png>
Package pdftex.def Info: ex2_flow_n_3.png  used on input line 233.
(pdftex.def)             Requested size: 46.0916pt x 46.09103pt.
<ex2_flow_n_4.png, id=96, 235.6002pt x 235.6002pt>
File: ex2_flow_n_4.png Graphic file (type png)
<use ex2_flow_n_4.png>
Package pdftex.def Info: ex2_flow_n_4.png  used on input line 233.
(pdftex.def)             Requested size: 46.0916pt x 46.09103pt.
<ex2_flow_n_5.png, id=97, 235.6002pt x 235.6002pt>
File: ex2_flow_n_5.png Graphic file (type png)
<use ex2_flow_n_5.png>
Package pdftex.def Info: ex2_flow_n_5.png  used on input line 233.
(pdftex.def)             Requested size: 46.0916pt x 46.09103pt.
<ex2_affine_n_1.png, id=98, 235.6002pt x 235.6002pt>
File: ex2_affine_n_1.png Graphic file (type png)
<use ex2_affine_n_1.png>
Package pdftex.def Info: ex2_affine_n_1.png  used on input line 233.
(pdftex.def)             Requested size: 46.0916pt x 46.09103pt.
<ex2_affine_n_2.png, id=99, 235.6002pt x 235.6002pt>
File: ex2_affine_n_2.png Graphic file (type png)
<use ex2_affine_n_2.png>
Package pdftex.def Info: ex2_affine_n_2.png  used on input line 233.
(pdftex.def)             Requested size: 46.0916pt x 46.09103pt.
<ex2_affine_n_3.png, id=100, 235.6002pt x 235.6002pt>
File: ex2_affine_n_3.png Graphic file (type png)
<use ex2_affine_n_3.png>
Package pdftex.def Info: ex2_affine_n_3.png  used on input line 233.
(pdftex.def)             Requested size: 46.0916pt x 46.09103pt.
<ex2_affine_n_4.png, id=101, 235.6002pt x 235.6002pt>
File: ex2_affine_n_4.png Graphic file (type png)
<use ex2_affine_n_4.png>
Package pdftex.def Info: ex2_affine_n_4.png  used on input line 233.
(pdftex.def)             Requested size: 46.0916pt x 46.09103pt.
<ex2_affine_n_5.png, id=102, 235.6002pt x 235.6002pt>
File: ex2_affine_n_5.png Graphic file (type png)
<use ex2_affine_n_5.png>
Package pdftex.def Info: ex2_affine_n_5.png  used on input line 233.
(pdftex.def)             Requested size: 46.0916pt x 46.09103pt.
 [9

 <./ex2_id.png (PNG copy)> <./ex2_rigid.png (PNG copy)> <./ex2_affine.png (PNG 
copy)> <./ex2_flow.png (PNG copy)> <./ex2_flow_n_1.png (PNG copy)> <./ex2_flow_
n_2.png (PNG copy)> <./ex2_flow_n_3.png (PNG copy)> <./ex2_flow_n_4.png (PNG co
py)> <./ex2_flow_n_5.png (PNG copy)> <./ex2_affine_n_1.png (PNG copy)> <./ex2_a
ffine_n_2.png (PNG copy)> <./ex2_affine_n_3.png (PNG copy)> <./ex2_affine_n_4.p
ng (PNG copy)> <./ex2_affine_n_5.png (PNG copy)>]
<tform_models_id.png, id=108, 235.6002pt x 235.6002pt>
File: tform_models_id.png Graphic file (type png)
<use tform_models_id.png>
Package pdftex.def Info: tform_models_id.png  used on input line 277.
(pdftex.def)             Requested size: 46.0916pt x 46.09103pt.
<tform_models_rigid_1.png, id=109, 235.6002pt x 235.6002pt>
File: tform_models_rigid_1.png Graphic file (type png)
<use tform_models_rigid_1.png>
Package pdftex.def Info: tform_models_rigid_1.png  used on input line 277.
(pdftex.def)             Requested size: 46.0916pt x 46.09103pt.
<tform_models_rigid_2.png, id=110, 235.6002pt x 235.6002pt>
File: tform_models_rigid_2.png Graphic file (type png)
<use tform_models_rigid_2.png>
Package pdftex.def Info: tform_models_rigid_2.png  used on input line 277.
(pdftex.def)             Requested size: 46.0916pt x 46.09103pt.
<tform_models_rigid_3.png, id=111, 235.6002pt x 235.6002pt>
File: tform_models_rigid_3.png Graphic file (type png)
<use tform_models_rigid_3.png>
Package pdftex.def Info: tform_models_rigid_3.png  used on input line 277.
(pdftex.def)             Requested size: 46.0916pt x 46.09103pt.
<tform_models_rigid_4.png, id=112, 235.6002pt x 235.6002pt>
File: tform_models_rigid_4.png Graphic file (type png)
<use tform_models_rigid_4.png>
Package pdftex.def Info: tform_models_rigid_4.png  used on input line 277.
(pdftex.def)             Requested size: 46.0916pt x 46.09103pt.
<tform_models_rigid_5.png, id=113, 235.6002pt x 235.6002pt>
File: tform_models_rigid_5.png Graphic file (type png)
<use tform_models_rigid_5.png>
Package pdftex.def Info: tform_models_rigid_5.png  used on input line 277.
(pdftex.def)             Requested size: 46.0916pt x 46.09103pt.
<tform_models_similarity_1.png, id=114, 235.6002pt x 235.6002pt>
File: tform_models_similarity_1.png Graphic file (type png)
<use tform_models_similarity_1.png>
Package pdftex.def Info: tform_models_similarity_1.png  used on input line 277.

(pdftex.def)             Requested size: 46.0916pt x 46.09103pt.
<tform_models_similarity_2.png, id=115, 235.6002pt x 235.6002pt>
File: tform_models_similarity_2.png Graphic file (type png)
<use tform_models_similarity_2.png>
Package pdftex.def Info: tform_models_similarity_2.png  used on input line 277.

(pdftex.def)             Requested size: 46.0916pt x 46.09103pt.
<tform_models_similarity_3.png, id=116, 235.6002pt x 235.6002pt>
File: tform_models_similarity_3.png Graphic file (type png)
<use tform_models_similarity_3.png>
Package pdftex.def Info: tform_models_similarity_3.png  used on input line 277.

(pdftex.def)             Requested size: 46.0916pt x 46.09103pt.
<tform_models_similarity_4.png, id=117, 235.6002pt x 235.6002pt>
File: tform_models_similarity_4.png Graphic file (type png)
<use tform_models_similarity_4.png>
Package pdftex.def Info: tform_models_similarity_4.png  used on input line 277.

(pdftex.def)             Requested size: 46.0916pt x 46.09103pt.
<tform_models_similarity_5.png, id=118, 235.6002pt x 235.6002pt>
File: tform_models_similarity_5.png Graphic file (type png)
<use tform_models_similarity_5.png>
Package pdftex.def Info: tform_models_similarity_5.png  used on input line 277.

(pdftex.def)             Requested size: 46.0916pt x 46.09103pt.
<tform_models_similarity_6.png, id=119, 235.6002pt x 235.6002pt>
File: tform_models_similarity_6.png Graphic file (type png)
<use tform_models_similarity_6.png>
Package pdftex.def Info: tform_models_similarity_6.png  used on input line 277.

(pdftex.def)             Requested size: 46.0916pt x 46.09103pt.
<tform_models_affine_1.png, id=120, 235.6002pt x 235.6002pt>
File: tform_models_affine_1.png Graphic file (type png)
<use tform_models_affine_1.png>
Package pdftex.def Info: tform_models_affine_1.png  used on input line 277.
(pdftex.def)             Requested size: 46.0916pt x 46.09103pt.
<tform_models_affine_2.png, id=121, 235.6002pt x 235.6002pt>
File: tform_models_affine_2.png Graphic file (type png)
<use tform_models_affine_2.png>
Package pdftex.def Info: tform_models_affine_2.png  used on input line 277.
(pdftex.def)             Requested size: 46.0916pt x 46.09103pt.
<tform_models_affine_3.png, id=122, 235.6002pt x 235.6002pt>
File: tform_models_affine_3.png Graphic file (type png)
<use tform_models_affine_3.png>
Package pdftex.def Info: tform_models_affine_3.png  used on input line 277.
(pdftex.def)             Requested size: 46.0916pt x 46.09103pt.
<tform_models_affine_4.png, id=123, 235.6002pt x 235.6002pt>
File: tform_models_affine_4.png Graphic file (type png)
<use tform_models_affine_4.png>
Package pdftex.def Info: tform_models_affine_4.png  used on input line 277.
(pdftex.def)             Requested size: 46.0916pt x 46.09103pt.
<tform_models_affine_5.png, id=124, 235.6002pt x 235.6002pt>
File: tform_models_affine_5.png Graphic file (type png)
<use tform_models_affine_5.png>
Package pdftex.def Info: tform_models_affine_5.png  used on input line 277.
(pdftex.def)             Requested size: 46.0916pt x 46.09103pt.
<tform_models_affine_6.png, id=125, 235.6002pt x 235.6002pt>
File: tform_models_affine_6.png Graphic file (type png)
<use tform_models_affine_6.png>
Package pdftex.def Info: tform_models_affine_6.png  used on input line 277.
(pdftex.def)             Requested size: 46.0916pt x 46.09103pt.
 [10

 <./tform_models_id.png (PNG copy)> <./tform_models_rigid_1.png (PNG copy)> <./
tform_models_rigid_2.png (PNG copy)> <./tform_models_rigid_3.png (PNG copy)> <.
/tform_models_rigid_4.png (PNG copy)> <./tform_models_rigid_5.png (PNG copy)> <
./tform_models_similarity_1.png (PNG copy)> <./tform_models_similarity_2.png (P
NG copy)> <./tform_models_similarity_3.png (PNG copy)> <./tform_models_similari
ty_4.png (PNG copy)> <./tform_models_similarity_5.png (PNG copy)> <./tform_mode
ls_similarity_6.png (PNG copy)> <./tform_models_affine_1.png (PNG copy)> <./tfo
rm_models_affine_2.png (PNG copy)> <./tform_models_affine_3.png (PNG copy)> <./
tform_models_affine_4.png (PNG copy)> <./tform_models_affine_5.png (PNG copy)> 
<./tform_models_affine_6.png (PNG copy)>]
<tform_models_disp_4_1.png, id=131, 235.6002pt x 235.6002pt>
File: tform_models_disp_4_1.png Graphic file (type png)
<use tform_models_disp_4_1.png>
Package pdftex.def Info: tform_models_disp_4_1.png  used on input line 312.
(pdftex.def)             Requested size: 46.0916pt x 46.09103pt.
<tform_models_disp_4_2.png, id=132, 235.6002pt x 235.6002pt>
File: tform_models_disp_4_2.png Graphic file (type png)
<use tform_models_disp_4_2.png>
Package pdftex.def Info: tform_models_disp_4_2.png  used on input line 312.
(pdftex.def)             Requested size: 46.0916pt x 46.09103pt.
<tform_models_disp_4_3.png, id=133, 235.6002pt x 235.6002pt>
File: tform_models_disp_4_3.png Graphic file (type png)
<use tform_models_disp_4_3.png>
Package pdftex.def Info: tform_models_disp_4_3.png  used on input line 312.
(pdftex.def)             Requested size: 46.0916pt x 46.09103pt.
<tform_models_disp_4_4.png, id=134, 235.6002pt x 235.6002pt>
File: tform_models_disp_4_4.png Graphic file (type png)
<use tform_models_disp_4_4.png>
Package pdftex.def Info: tform_models_disp_4_4.png  used on input line 312.
(pdftex.def)             Requested size: 46.0916pt x 46.09103pt.
<tform_models_disp_4_5.png, id=135, 235.6002pt x 235.6002pt>
File: tform_models_disp_4_5.png Graphic file (type png)
<use tform_models_disp_4_5.png>
Package pdftex.def Info: tform_models_disp_4_5.png  used on input line 312.
(pdftex.def)             Requested size: 46.0916pt x 46.09103pt.
<tform_models_disp_4_6.png, id=136, 235.6002pt x 235.6002pt>
File: tform_models_disp_4_6.png Graphic file (type png)
<use tform_models_disp_4_6.png>
Package pdftex.def Info: tform_models_disp_4_6.png  used on input line 312.
(pdftex.def)             Requested size: 46.0916pt x 46.09103pt.
<tform_models_disp_1_4.png, id=137, 235.6002pt x 235.6002pt>
File: tform_models_disp_1_4.png Graphic file (type png)
<use tform_models_disp_1_4.png>
Package pdftex.def Info: tform_models_disp_1_4.png  used on input line 312.
(pdftex.def)             Requested size: 46.0916pt x 46.09103pt.
<tform_models_disp_2_4.png, id=138, 235.6002pt x 235.6002pt>
File: tform_models_disp_2_4.png Graphic file (type png)
<use tform_models_disp_2_4.png>
Package pdftex.def Info: tform_models_disp_2_4.png  used on input line 312.
(pdftex.def)             Requested size: 46.0916pt x 46.09103pt.
<tform_models_disp_3_4.png, id=139, 235.6002pt x 235.6002pt>
File: tform_models_disp_3_4.png Graphic file (type png)
<use tform_models_disp_3_4.png>
Package pdftex.def Info: tform_models_disp_3_4.png  used on input line 312.
(pdftex.def)             Requested size: 46.0916pt x 46.09103pt.
File: tform_models_disp_4_4.png Graphic file (type png)
<use tform_models_disp_4_4.png>
Package pdftex.def Info: tform_models_disp_4_4.png  used on input line 312.
(pdftex.def)             Requested size: 46.0916pt x 46.09103pt.
<tform_models_disp_5_4.png, id=140, 235.6002pt x 235.6002pt>
File: tform_models_disp_5_4.png Graphic file (type png)
<use tform_models_disp_5_4.png>
Package pdftex.def Info: tform_models_disp_5_4.png  used on input line 312.
(pdftex.def)             Requested size: 46.0916pt x 46.09103pt.
<tform_models_disp_6_4.png, id=141, 235.6002pt x 235.6002pt>
File: tform_models_disp_6_4.png Graphic file (type png)
<use tform_models_disp_6_4.png>
Package pdftex.def Info: tform_models_disp_6_4.png  used on input line 312.
(pdftex.def)             Requested size: 46.0916pt x 46.09103pt.
<tform_models_disp_1.png, id=142, 235.6002pt x 235.6002pt>
File: tform_models_disp_1.png Graphic file (type png)
<use tform_models_disp_1.png>
Package pdftex.def Info: tform_models_disp_1.png  used on input line 312.
(pdftex.def)             Requested size: 46.0916pt x 46.09103pt.
<tform_models_disp_2.png, id=143, 235.6002pt x 235.6002pt>
File: tform_models_disp_2.png Graphic file (type png)
<use tform_models_disp_2.png>
Package pdftex.def Info: tform_models_disp_2.png  used on input line 312.
(pdftex.def)             Requested size: 46.0916pt x 46.09103pt.
<tform_models_disp_3.png, id=144, 235.6002pt x 235.6002pt>
File: tform_models_disp_3.png Graphic file (type png)
<use tform_models_disp_3.png>
Package pdftex.def Info: tform_models_disp_3.png  used on input line 312.
(pdftex.def)             Requested size: 46.0916pt x 46.09103pt.
<tform_models_disp_4.png, id=145, 235.6002pt x 235.6002pt>
File: tform_models_disp_4.png Graphic file (type png)
<use tform_models_disp_4.png>
Package pdftex.def Info: tform_models_disp_4.png  used on input line 312.
(pdftex.def)             Requested size: 46.0916pt x 46.09103pt.
<tform_models_disp_5.png, id=146, 235.6002pt x 235.6002pt>
File: tform_models_disp_5.png Graphic file (type png)
<use tform_models_disp_5.png>
Package pdftex.def Info: tform_models_disp_5.png  used on input line 312.
(pdftex.def)             Requested size: 46.0916pt x 46.09103pt.
<tform_models_disp_6.png, id=147, 235.6002pt x 235.6002pt>
File: tform_models_disp_6.png Graphic file (type png)
<use tform_models_disp_6.png>
Package pdftex.def Info: tform_models_disp_6.png  used on input line 312.
(pdftex.def)             Requested size: 46.0916pt x 46.09103pt.
 [11

 <./tform_models_disp_4_1.png (PNG copy)> <./tform_models_disp_4_2.png (PNG cop
y)> <./tform_models_disp_4_3.png (PNG copy)> <./tform_models_disp_4_4.png (PNG 
copy)> <./tform_models_disp_4_5.png (PNG copy)> <./tform_models_disp_4_6.png (P
NG copy)> <./tform_models_disp_1_4.png (PNG copy)> <./tform_models_disp_2_4.png
 (PNG copy)> <./tform_models_disp_3_4.png (PNG copy)> <./tform_models_disp_5_4.
png (PNG copy)> <./tform_models_disp_6_4.png (PNG copy)> <./tform_models_disp_1
.png (PNG copy)> <./tform_models_disp_2.png (PNG copy)> <./tform_models_disp_3.
png (PNG copy)> <./tform_models_disp_4.png (PNG copy)> <./tform_models_disp_5.p
ng (PNG copy)> <./tform_models_disp_6.png (PNG copy)>]
<tform_models_flow_1.png, id=153, 235.6002pt x 235.6002pt>
File: tform_models_flow_1.png Graphic file (type png)
<use tform_models_flow_1.png>
Package pdftex.def Info: tform_models_flow_1.png  used on input line 343.
(pdftex.def)             Requested size: 46.0916pt x 46.09103pt.
<tform_models_flow_2.png, id=154, 235.6002pt x 235.6002pt>
File: tform_models_flow_2.png Graphic file (type png)
<use tform_models_flow_2.png>
Package pdftex.def Info: tform_models_flow_2.png  used on input line 343.
(pdftex.def)             Requested size: 46.0916pt x 46.09103pt.
<tform_models_flow_3.png, id=155, 235.6002pt x 235.6002pt>
File: tform_models_flow_3.png Graphic file (type png)
<use tform_models_flow_3.png>
Package pdftex.def Info: tform_models_flow_3.png  used on input line 343.
(pdftex.def)             Requested size: 46.0916pt x 46.09103pt.
<tform_models_flow_4.png, id=156, 235.6002pt x 235.6002pt>
File: tform_models_flow_4.png Graphic file (type png)
<use tform_models_flow_4.png>
Package pdftex.def Info: tform_models_flow_4.png  used on input line 343.
(pdftex.def)             Requested size: 46.0916pt x 46.09103pt.
<tform_models_flow_5.png, id=157, 235.6002pt x 235.6002pt>
File: tform_models_flow_5.png Graphic file (type png)
<use tform_models_flow_5.png>
Package pdftex.def Info: tform_models_flow_5.png  used on input line 343.
(pdftex.def)             Requested size: 46.0916pt x 46.09103pt.
<tform_models_flow_6.png, id=158, 235.6002pt x 235.6002pt>
File: tform_models_flow_6.png Graphic file (type png)
<use tform_models_flow_6.png>
Package pdftex.def Info: tform_models_flow_6.png  used on input line 343.
(pdftex.def)             Requested size: 46.0916pt x 46.09103pt.
[12

 <./tform_models_flow_1.png (PNG copy)> <./tform_models_flow_2.png (PNG copy)> 
<./tform_models_flow_3.png (PNG copy)> <./tform_models_flow_4.png (PNG copy)> <
./tform_models_flow_5.png (PNG copy)> <./tform_models_flow_6.png (PNG copy)>] [
13

]
<flow/LDDMM1.png, id=175, 799.788pt x 616.704pt>
File: flow/LDDMM1.png Graphic file (type png)
<use flow/LDDMM1.png>
Package pdftex.def Info: flow/LDDMM1.png  used on input line 400.
(pdftex.def)             Requested size: 276.559pt x 213.24301pt.

Overfull \vbox (0.89658pt too high) detected at line 400
 []

[14

 <./flow/LDDMM1.png (PNG copy)>]
<flow/LDDMM2.png, id=181, 799.788pt x 616.704pt>
File: flow/LDDMM2.png Graphic file (type png)
<use flow/LDDMM2.png>
Package pdftex.def Info: flow/LDDMM2.png  used on input line 400.
(pdftex.def)             Requested size: 276.559pt x 213.24301pt.

Overfull \vbox (0.89658pt too high) detected at line 400
 []

[15

 <./flow/LDDMM2.png (PNG copy)>]
<flow/LDDMM3.png, id=187, 799.788pt x 616.704pt>
File: flow/LDDMM3.png Graphic file (type png)
<use flow/LDDMM3.png>
Package pdftex.def Info: flow/LDDMM3.png  used on input line 400.
(pdftex.def)             Requested size: 276.559pt x 213.24301pt.

Overfull \vbox (0.89658pt too high) detected at line 400
 []

[16

 <./flow/LDDMM3.png (PNG copy)>]
<flow/LDDMM4.png, id=193, 799.788pt x 616.704pt>
File: flow/LDDMM4.png Graphic file (type png)
<use flow/LDDMM4.png>
Package pdftex.def Info: flow/LDDMM4.png  used on input line 400.
(pdftex.def)             Requested size: 276.559pt x 213.24301pt.

Overfull \vbox (0.89658pt too high) detected at line 400
 []

[17

 <./flow/LDDMM4.png (PNG copy)>]
<flow/LDDMM5.png, id=199, 799.788pt x 616.704pt>
File: flow/LDDMM5.png Graphic file (type png)
<use flow/LDDMM5.png>
Package pdftex.def Info: flow/LDDMM5.png  used on input line 400.
(pdftex.def)             Requested size: 276.559pt x 213.24301pt.

Overfull \vbox (0.89658pt too high) detected at line 400
 []

[18

 <./flow/LDDMM5.png (PNG copy)>]
<flow/LDDMM6.png, id=205, 799.788pt x 616.704pt>
File: flow/LDDMM6.png Graphic file (type png)
<use flow/LDDMM6.png>
Package pdftex.def Info: flow/LDDMM6.png  used on input line 400.
(pdftex.def)             Requested size: 276.559pt x 213.24301pt.

Overfull \vbox (0.89658pt too high) detected at line 400
 []

[19

 <./flow/LDDMM6.png (PNG copy)>]
<flow/LDDMM7.png, id=212, 799.788pt x 616.704pt>
File: flow/LDDMM7.png Graphic file (type png)
<use flow/LDDMM7.png>
Package pdftex.def Info: flow/LDDMM7.png  used on input line 400.
(pdftex.def)             Requested size: 276.559pt x 213.24301pt.

Overfull \vbox (0.89658pt too high) detected at line 400
 []

[20

 <./flow/LDDMM7.png (PNG copy)>]
<flow/LDDMM8.png, id=218, 799.788pt x 616.704pt>
File: flow/LDDMM8.png Graphic file (type png)
<use flow/LDDMM8.png>
Package pdftex.def Info: flow/LDDMM8.png  used on input line 400.
(pdftex.def)             Requested size: 276.559pt x 213.24301pt.

Overfull \vbox (0.89658pt too high) detected at line 400
 []

[21

 <./flow/LDDMM8.png (PNG copy)>]
<flow/LDDMM9.png, id=224, 799.788pt x 616.704pt>
File: flow/LDDMM9.png Graphic file (type png)
<use flow/LDDMM9.png>
Package pdftex.def Info: flow/LDDMM9.png  used on input line 400.
(pdftex.def)             Requested size: 276.559pt x 213.24301pt.

Overfull \vbox (0.89658pt too high) detected at line 400
 []

[22

 <./flow/LDDMM9.png (PNG copy)>]
<flow/LDDMM10.png, id=230, 799.788pt x 616.704pt>
File: flow/LDDMM10.png Graphic file (type png)
<use flow/LDDMM10.png>
Package pdftex.def Info: flow/LDDMM10.png  used on input line 400.
(pdftex.def)             Requested size: 276.559pt x 213.24301pt.

Overfull \vbox (0.89658pt too high) detected at line 400
 []

[23

 <./flow/LDDMM10.png (PNG copy)>]
<flow/LDDMM11.png, id=236, 799.788pt x 616.704pt>
File: flow/LDDMM11.png Graphic file (type png)
<use flow/LDDMM11.png>
Package pdftex.def Info: flow/LDDMM11.png  used on input line 400.
(pdftex.def)             Requested size: 276.559pt x 213.24301pt.

Overfull \vbox (0.89658pt too high) detected at line 400
 []

[24

 <./flow/LDDMM11.png (PNG copy)>]
<flow/LDDMM12.png, id=243, 799.788pt x 616.704pt>
File: flow/LDDMM12.png Graphic file (type png)
<use flow/LDDMM12.png>
Package pdftex.def Info: flow/LDDMM12.png  used on input line 400.
(pdftex.def)             Requested size: 276.559pt x 213.24301pt.

Overfull \vbox (0.89658pt too high) detected at line 400
 []

[25

 <./flow/LDDMM12.png (PNG copy)>]
<flow/LDDMM13.png, id=250, 799.788pt x 616.704pt>
File: flow/LDDMM13.png Graphic file (type png)
<use flow/LDDMM13.png>
Package pdftex.def Info: flow/LDDMM13.png  used on input line 400.
(pdftex.def)             Requested size: 276.559pt x 213.24301pt.

Overfull \vbox (0.89658pt too high) detected at line 400
 []

[26

 <./flow/LDDMM13.png (PNG copy)>]
<Array.png, id=256, 614.295pt x 433.62pt>
File: Array.png Graphic file (type png)
<use Array.png>
Package pdftex.def Info: Array.png  used on input line 413.
(pdftex.def)             Requested size: 245.83282pt x 173.53093pt.
 [27

 <./Array.png (PNG copy)>]
<landmarks0.png, id=262, 393.1488pt x 385.44pt>
File: landmarks0.png Graphic file (type png)
<use landmarks0.png>
Package pdftex.def Info: landmarks0.png  used on input line 453.
(pdftex.def)             Requested size: 86.04079pt x 84.35007pt.
<landmarks2.png, id=263, 393.1488pt x 385.44pt>
File: landmarks2.png Graphic file (type png)
<use landmarks2.png>
Package pdftex.def Info: landmarks2.png  used on input line 453.
(pdftex.def)             Requested size: 86.04079pt x 84.35007pt.
<landmarks3.png, id=264, 385.44pt x 385.44pt>
File: landmarks3.png Graphic file (type png)
<use landmarks3.png>
Package pdftex.def Info: landmarks3.png  used on input line 453.
(pdftex.def)             Requested size: 86.04079pt x 86.03801pt.
 [28

 <./landmarks0.png (PNG copy)> <./landmarks2.png (PNG copy)> <./landmarks3.png 
(PNG copy)>] [29

]
<720exampleslices-edit.png, id=276, 1185.42876pt x 174.6525pt>
File: 720exampleslices-edit.png Graphic file (type png)
<use 720exampleslices-edit.png>
Package pdftex.def Info: 720exampleslices-edit.png  used on input line 520.
(pdftex.def)             Requested size: 307.28987pt x 20.91904pt.
File: 720exampleslices-edit.png Graphic file (type png)
<use 720exampleslices-edit.png>
Package pdftex.def Info: 720exampleslices-edit.png  used on input line 520.
(pdftex.def)             Requested size: 307.28987pt x 20.91904pt.
 [30

 <./720exampleslices-edit.png>]
<intensity_example_1.png, id=287, 913.4125pt x 781.92125pt>
File: intensity_example_1.png Graphic file (type png)
<use intensity_example_1.png>
Package pdftex.def Info: intensity_example_1.png  used on input line 556.
(pdftex.def)             Requested size: 196.7283pt x 168.41367pt.

Overfull \vbox (3.71579pt too high) detected at line 556
 []

[31

 <./intensity_example_1.png>]
<intensity_example_2.png, id=296, 913.4125pt x 721.69624pt>
File: intensity_example_2.png Graphic file (type png)
<use intensity_example_2.png>
Package pdftex.def Info: intensity_example_2.png  used on input line 556.
(pdftex.def)             Requested size: 213.14671pt x 168.41367pt.

Overfull \vbox (3.71579pt too high) detected at line 556
 []

[32

 <./intensity_example_2.png>]
<intensity_example_3.png, id=303, 925.4575pt x 779.91376pt>
File: intensity_example_3.png Graphic file (type png)
<use intensity_example_3.png>
Package pdftex.def Info: intensity_example_3.png  used on input line 556.
(pdftex.def)             Requested size: 199.83089pt x 168.41367pt.

Overfull \vbox (3.71579pt too high) detected at line 556
 []

[33

 <./intensity_example_3.png>]
<phantom_1.png, id=310, 1194.4625pt x 623.32875pt>
File: phantom_1.png Graphic file (type png)
<use phantom_1.png>
Package pdftex.def Info: phantom_1.png  used on input line 593.
(pdftex.def)             Requested size: 208.95485pt x 112.44162pt.
<phantom_2.png, id=312, 1210.5225pt x 615.29875pt>
File: phantom_2.png Graphic file (type png)
<use phantom_2.png>
Package pdftex.def Info: phantom_2.png  used on input line 593.
(pdftex.def)             Requested size: 73.75125pt x 117.35863pt.

Overfull \hbox (8.48285pt too wide) in paragraph at lines 593--593
 [][]  [] 
 []

[34

 <./phantom_1.png> <./phantom_2.png>]
<missing_data_different_intensity_digital_pathology.png, id=321, 1201.48875pt x
 1128.215pt>
File: missing_data_different_intensity_digital_pathology.png Graphic file (type
 png)
<use missing_data_different_intensity_digital_pathology.png>
Package pdftex.def Info: missing_data_different_intensity_digital_pathology.png
  used on input line 600.
(pdftex.def)             Requested size: 252.21008pt x 236.83035pt.
 [35

 <./missing_data_different_intensity_digital_pathology.png>]
<all_slices.png, id=327, 1660.2025pt x 1004.75375pt>
File: all_slices.png Graphic file (type png)
<use all_slices.png>
Package pdftex.def Info: all_slices.png  used on input line 608.
(pdftex.def)             Requested size: 276.559pt x 167.37167pt.
 [36

 <./all_slices.png>]
<CLARITY_mouse_registration.png, id=333, 1324.44812pt x 543.53062pt>
File: CLARITY_mouse_registration.png Graphic file (type png)
<use CLARITY_mouse_registration.png>
Package pdftex.def Info: CLARITY_mouse_registration.png  used on input line 614
.
(pdftex.def)             Requested size: 307.28987pt x 126.10416pt.
 [37

 <./CLARITY_mouse_registration.png>]
Overfull \hbox (6.2508pt too wide) in paragraph at lines 659--659
[]\OT1/cmss/m/n/10.95 Diffeomorphism| 
 []


Overfull \hbox (4.97581pt too wide) in paragraph at lines 659--659
[]\OT1/cmss/m/n/10.95 Regularization| 
 []


Overfull \hbox (4.70218pt too wide) in paragraph at lines 659--659
 [] 
 []

Missing character: There is no ; in font nullfont!
<ardent2.png, id=342, 441.8106pt x 331.4784pt>
File: ardent2.png Graphic file (type png)
<use ardent2.png>
Package pdftex.def Info: ardent2.png  used on input line 659.
(pdftex.def)             Requested size: 71.13188pt x 63.80093pt.
<ardent0.png, id=344, 441.8106pt x 331.4784pt>
File: ardent0.png Graphic file (type png)
<use ardent0.png>
Package pdftex.def Info: ardent0.png  used on input line 659.
(pdftex.def)             Requested size: 71.13188pt x 63.80093pt.
<ardent1.png, id=346, 441.8106pt x 331.4784pt>
File: ardent1.png Graphic file (type png)
<use ardent1.png>
Package pdftex.def Info: ardent1.png  used on input line 659.
(pdftex.def)             Requested size: 71.13188pt x 63.80093pt.
<ardent3.png, id=348, 441.8106pt x 331.4784pt>
File: ardent3.png Graphic file (type png)
<use ardent3.png>
Package pdftex.def Info: ardent3.png  used on input line 659.
(pdftex.def)             Requested size: 71.13188pt x 63.80093pt.

Overfull \hbox (4.45415pt too wide) in paragraph at lines 659--659
[]  
 []

[38

 <./ardent2.png (PNG copy)> <./ardent0.png (PNG copy)> <./ardent1.png (PNG copy
)> <./ardent3.png (PNG copy)>] [39

] [40

]
\tf@nav=\write6
\openout6 = `ndworkshop.nav'.

\tf@toc=\write7
\openout7 = `ndworkshop.toc'.

\tf@snm=\write8
\openout8 = `ndworkshop.snm'.

Package atveryend Info: Empty hook `BeforeClearDocument' on input line 737.
Package atveryend Info: Empty hook `AfterLastShipout' on input line 737.
 (./ndworkshop.aux)
Package atveryend Info: Executing hook `AtVeryEndDocument' on input line 737.
Package atveryend Info: Executing hook `AtEndAfterFileList' on input line 737.
Package rerunfilecheck Info: File `ndworkshop.out' has not changed.
(rerunfilecheck)             Checksum: D41D8CD98F00B204E9800998ECF8427E;0.
 ) 
Here is how much of TeX's memory you used:
 21322 strings out of 492616
 425423 string characters out of 6129482
 491428 words of memory out of 5000000
 24616 multiletter control sequences out of 15000+600000
 16170 words of font info for 60 fonts, out of 8000000 for 9000
 1141 hyphenation exceptions out of 8191
 56i,18n,56p,777b,828s stack positions out of 5000i,500n,10000p,200000b,80000s
</usr/local/texlive/2019/texmf-dist/fonts/type1/public/amsfonts/cm/cmex10.pfb
></usr/local/texlive/2019/texmf-dist/fonts/type1/public/amsfonts/cm/cmmi10.pfb>
</usr/local/texlive/2019/texmf-dist/fonts/type1/public/amsfonts/cm/cmmi8.pfb></
usr/local/texlive/2019/texmf-dist/fonts/type1/public/amsfonts/cm/cmss10.pfb></u
sr/local/texlive/2019/texmf-dist/fonts/type1/public/amsfonts/cm/cmss12.pfb></us
r/local/texlive/2019/texmf-dist/fonts/type1/public/amsfonts/cm/cmss8.pfb></usr/
local/texlive/2019/texmf-dist/fonts/type1/public/amsfonts/cm/cmssi10.pfb></usr/
local/texlive/2019/texmf-dist/fonts/type1/public/amsfonts/cm/cmssi8.pfb></usr/l
ocal/texlive/2019/texmf-dist/fonts/type1/public/amsfonts/cm/cmsy10.pfb></usr/lo
cal/texlive/2019/texmf-dist/fonts/type1/public/amsfonts/cm/cmsy8.pfb></usr/loca
l/texlive/2019/texmf-dist/fonts/type1/public/amsfonts/cm/cmtt10.pfb></usr/local
/texlive/2019/texmf-dist/fonts/type1/public/amsfonts/cm/cmtt8.pfb></usr/local/t
exlive/2019/texmf-dist/fonts/type1/public/amsfonts/symbols/msam10.pfb>
Output written on ndworkshop.pdf (40 pages, 32281625 bytes).
PDF statistics:
 434 PDF objects out of 1000 (max. 8388607)
 249 compressed objects within 3 object streams
 81 named destinations out of 1000 (max. 500000)
 618 words of extra memory for PDF output out of 10000 (max. 10000000)

